<?xml version="1.0" encoding="UTF-8"?>
<coverage generated="1505122523544" clover="3.2.0">
  <project timestamp="1505122523544" name="All files">
    <metrics statements="4" coveredstatements="4" conditionals="0" coveredconditionals="0" methods="2" coveredmethods="2" elements="6" coveredelements="6" complexity="0" loc="4" ncloc="4" packages="2" files="2" classes="2">
      <package name="examples.vanilla-hello-world">
        <metrics statements="2" coveredstatements="2" conditionals="0" coveredconditionals="0" methods="1" coveredmethods="1"/>
        <file name="index.js" path="/Users/surreame/Desktop/npm-rollup-boilerplate/examples/vanilla-hello-world/index.js">
          <metrics statements="2" coveredstatements="2" conditionals="0" coveredconditionals="0" methods="1" coveredmethods="1"/>
          <line num="1" count="2" type="stmt"/>
          <line num="3" count="2" type="stmt"/>
        </file>
      </package>
      <package name="src">
        <metrics statements="2" coveredstatements="2" conditionals="0" coveredconditionals="0" methods="1" coveredmethods="1"/>
        <file name="index.js" path="/Users/surreame/Desktop/npm-rollup-boilerplate/src/index.js">
          <metrics statements="2" coveredstatements="2" conditionals="0" coveredconditionals="0" methods="1" coveredmethods="1"/>
          <line num="1" count="1" type="stmt"/>
          <line num="2" count="1" type="stmt"/>
        </file>
      </package>
    </metrics>
  </project>
</coverage>
