{"/Users/surreame/Desktop/npm-rollup-boilerplate/examples/hello-world/index.js": {"path":"/Users/surreame/Desktop/npm-rollup-boilerplate/examples/hello-world/index.js","statementMap":{"0":{"start":{"line":1,"column":26},"end":{"line":1,"column":46}},"1":{"start":{"line":1,"column":32},"end":{"line":1,"column":46}},"2":{"start":{"line":3,"column":0},"end":{"line":3,"column":35}}},"fnMap":{"0":{"name":"(anonymous_0)","decl":{"start":{"line":1,"column":26},"end":{"line":1,"column":27}},"loc":{"start":{"line":1,"column":32},"end":{"line":1,"column":46}},"line":1}},"branchMap":{},"s":{"0":1,"1":1,"2":1},"f":{"0":1},"b":{},"_coverageSchema":"332fd63041d2c1bcb487cc26dd0d5f7d97098a6c","hash":"9ecffe3926e90b6daa2f7b291c144c0dd1fe0228"}
,"/Users/surreame/Desktop/npm-rollup-boilerplate/src/index.js": {"path":"/Users/surreame/Desktop/npm-rollup-boilerplate/src/index.js","statementMap":{"0":{"start":{"line":1,"column":14},"end":{"line":1,"column":21}},"1":{"start":{"line":2,"column":16},"end":{"line":2,"column":44}},"2":{"start":{"line":2,"column":22},"end":{"line":2,"column":44}}},"fnMap":{"0":{"name":"(anonymous_0)","decl":{"start":{"line":2,"column":16},"end":{"line":2,"column":17}},"loc":{"start":{"line":2,"column":22},"end":{"line":2,"column":44}},"line":2}},"branchMap":{},"s":{"0":1,"1":1,"2":1},"f":{"0":1},"b":{},"_coverageSchema":"332fd63041d2c1bcb487cc26dd0d5f7d97098a6c","hash":"c6de5c4e781f4b911272939c7631fb9e185f72fb"}
}
